1578754218312	mozrunner::runner	INFO	Running command: "C:\\Program Files\\Mozilla Firefox\\firefox.exe" "-marionette" "-foreground" "-no-remote" "-profile" "C:\\Users\\jshin\\AppData\\Local\\Temp\\rust_mozprofilesprDcI"
1578754219573	addons.webextension.doh-rollout@mozilla.org	WARN	Loading extension 'doh-rollout@mozilla.org': Reading manifest: Invalid extension permission: networkStatus
1578754219715	addons.webextension.screenshots@mozilla.org	WARN	Loading extension 'screenshots@mozilla.org': Reading manifest: Invalid extension permission: mozillaAddons
1578754219715	addons.webextension.screenshots@mozilla.org	WARN	Loading extension 'screenshots@mozilla.org': Reading manifest: Invalid extension permission: telemetry
1578754219715	addons.webextension.screenshots@mozilla.org	WARN	Loading extension 'screenshots@mozilla.org': Reading manifest: Invalid extension permission: resource://pdf.js/
1578754219715	addons.webextension.screenshots@mozilla.org	WARN	Loading extension 'screenshots@mozilla.org': Reading manifest: Invalid extension permission: about:reader*
JavaScript error: resource://gre/modules/XULStore.jsm, line 66: Error: Can't find profile directory.
1578754223359	Marionette	INFO	Listening on port 55715
1578754223562	Marionette	WARN	TLS certificate errors will be ignored for this session
JavaScript error: resource://gre/actors/AutoCompleteChild.jsm, line 196: Error: Invalid autocomplete selectedIndex
1578754225638	Marionette	INFO	Stopped listening on port 55715

###!!! [Child][RunMessage] Error: Channel closing: too late to send/recv, messages will be lost


###!!! [Child][MessageChannel::SendAndWait] Error: Channel error: cannot send/recv

1578754293722	mozrunner::runner	INFO	Running command: "C:\\Program Files\\Mozilla Firefox\\firefox.exe" "-marionette" "-foreground" "-no-remote" "-profile" "C:\\Users\\jshin\\AppData\\Local\\Temp\\rust_mozprofileA7hIZ8"
1578754295149	addons.webextension.doh-rollout@mozilla.org	WARN	Loading extension 'doh-rollout@mozilla.org': Reading manifest: Invalid extension permission: networkStatus
1578754295331	addons.webextension.screenshots@mozilla.org	WARN	Loading extension 'screenshots@mozilla.org': Reading manifest: Invalid extension permission: mozillaAddons
1578754295331	addons.webextension.screenshots@mozilla.org	WARN	Loading extension 'screenshots@mozilla.org': Reading manifest: Invalid extension permission: telemetry
1578754295331	addons.webextension.screenshots@mozilla.org	WARN	Loading extension 'screenshots@mozilla.org': Reading manifest: Invalid extension permission: resource://pdf.js/
1578754295331	addons.webextension.screenshots@mozilla.org	WARN	Loading extension 'screenshots@mozilla.org': Reading manifest: Invalid extension permission: about:reader*
JavaScript error: resource://gre/modules/XULStore.jsm, line 66: Error: Can't find profile directory.
1578754300818	Marionette	INFO	Listening on port 55830
1578754301105	Marionette	WARN	TLS certificate errors will be ignored for this session
JavaScript error: https://staticxx.facebook.com/connect/xd_arbiter.php?version=45#channel=f1d1b7b2a401cea&origin=https%3A%2F%2Fwww.tunefind.com, line 47: SecurityError: Permission denied to access property Symbol.toPrimitive on cross-origin object
JavaScript error: https://staticxx.facebook.com/connect/xd_arbiter.php?version=45#channel=f1d1b7b2a401cea&origin=https%3A%2F%2Fwww.tunefind.com, line 47: SecurityError: Permission denied to access property Symbol.toPrimitive on cross-origin object
JavaScript error: https://staticxx.facebook.com/connect/xd_arbiter.php?version=45#channel=f1d1b7b2a401cea&origin=https%3A%2F%2Fwww.tunefind.com, line 47: SecurityError: Permission denied to access property Symbol.toPrimitive on cross-origin object
JavaScript error: resource:///modules/sessionstore/SessionStore.jsm, line 1845: TypeError: subject.QueryInterface is not a function
A content process crashed and MOZ_CRASHREPORTER_SHUTDOWN is set, shutting down
1578756599604	Marionette	INFO	Stopped listening on port 55830

###!!! [Child][MessageChannel::SendAndWait] Error: Channel error: cannot send/recv

permission: networkStatus
1578756587897	addons.webextension.screenshots@mozilla.org	WARN	Loading extension 'screenshots@mozilla.org': Reading manifest: Invalid extension permission: mozillaAddons
1578756587897	addons.webextension.screenshots@mozilla.org	WARN	Loading extension 'screenshots@mozilla.org': Reading manifest: Invalid extension permission: telemetry
1578756587897	addons.webextension.screenshots@mozilla.org	WARN	Loading extension 'screenshots@mozilla.org': Reading manifest: Invalid extension permission: resource://pdf.js/
1578756587898	addons.webextension.screenshots@mozilla.org	WARN	Loading extension 'screenshots@mozilla.org': Reading manifest: Invalid extension permission: about:reader*
JavaScript error: resource://gre/modules/XULStore.jsm, line 66: Error: Can't find profile directory.
1578756592750	Marionette	INFO	Listening on port 58910
1578756593032	Marionette	WARN	TLS certificate errors will be ignored for this session
1578756700378	Marionette	INFO	Stopped listening on port 58910

###!!! [Child][RunMessage] Error: Channel closing: too late to send/recv, messages will be lost


###!!! [Child][MessageChannel::SendAndWait] Error: Cha1578756701153	addons.webextension.doh-rollout@mozilla.org	WARN	Loading extension 'doh-rollout@mozilla.org': Reading manifest: Invalid extension permission: networkStatus
1578756701311	addons.webextension.screenshots@mozilla.org	WARN	Loading extension 'screenshots@mozilla.org': Reading manifest: Invalid extension permission: mozillaAddons
1578756701311	addons.webextension.screenshots@mozilla.org	WARN	Loading extension 'screenshots@mozilla.org': Reading manifest: Invalid extension permission: telemetry
1578756701311	addons.webextension.screenshots@mozilla.org	WARN	Loading extension 'screenshots@mozilla.org': Reading manifest: Invalid extension permission: resource://pdf.js/
1578756701311	addons.webextension.screenshots@mozilla.org	WARN	Loading extension 'screenshots@mozilla.org': Reading manifest: Invalid extension permission: about:reader*
JavaScript error: resource://gre/modules/XULStore.jsm, line 66: Error: Can't find profile directory.
1578756704122	Marionette	INFO	Listening on port 59099
1578756704298	Marionette	WARN	TLS certificate errors will be ignored for this session
1578757114452	Marionette	INFO	Stopped listening on port 59099

###!!! [Child][MessageChannel::SendAndWait] Error: Channel error: cannot send/recv

ile" "C:\\Users\\jshin\\AppData\\Local\\Temp\\rust_mozprofileajYRjc"
1578757106509	addons.webextension.doh-rollout@mozilla.org	WARN	Loading extension 'doh-rollout@mozilla.org': Reading manifest: Invalid extension permission: networkStatus
1578757106651	addons.webextension.screenshots@mozilla.org	WARN	Loading extension 'screenshots@mozilla.org': Reading manifest: Invalid extension permission: mozillaAddons
1578757106651	addons.webextension.screenshots@mozilla.org	WARN	Loading extension 'screenshots@mozilla.org': Reading manifest: Invalid extension permission: telemetry
1578757106651	addons.webextension.screenshots@mozilla.org	WARN	Loading extension 'screenshots@mozilla.org': Reading manifest: Invalid extension permission: resource://pdf.js/
1578757106652	addons.webextension.screenshots@mozilla.org	WARN	Loading extension 'screenshots@mozilla.org': Reading manifest: Invalid extension permission: about:reader*
JavaScript error: resource://gre/modules/XULStore.jsm, line 66: Error: Can't find profile directory.
1578757110021	Marionette	INFO	Listening on port 59582
1578757110418	Marionette	WARN	TLS certificate errors will be ignored for this session
1578757120773	Marionette	INFO	Stopped listening on port 59582

###!!! [Child][MessageChannel::SendAndWait] Error: Channel error: cannot send/recv

1578757390292	mozrunner::runner	INFO	Running command: "C:\\Program Files\\Mozilla Firefox\\firefox.exe" "-marionette" "-foreground" "-no-remote" "-profile" "C:\\Users\\jshin\\AppData\\Local\\Temp\\rust_mozprofiles0AbsG"
1578757391490	addons.webextension.doh-rollout@mozilla.org	WARN	Loading extension 'doh-rollout@mozilla.org': Reading manifest: Invalid extension permission: networkStatus
1578757391644	addons.webextension.screenshots@mozilla.org	WARN	Loading extension 'screenshots@mozilla.org': Reading manifest: Invalid extension permission: mozillaAddons
1578757391644	addons.webextension.screenshots@mozilla.org	WARN	Loading extension 'screenshots@mozilla.org': Reading manifest: Invalid extension permission: telemetry
1578757391644	addons.webextension.screenshots@mozilla.org	WARN	Loading extension 'screenshots@mozilla.org': Reading manifest: Invalid extension permission: resource://pdf.js/
1578757391644	addons.webextension.screenshots@mozilla.org	WARN	Loading extension 'screenshots@mozilla.org': Reading manifest: Invalid extension permission: about:reader*
JavaScript error: resource://gre/modules/XULStore.jsm, line 66: Error: Can't find profile directory.
1578757394588	Marionette	INFO	Listening on port 59976
1578757395055	Marionette	WARN	TLS certificate errors will be ignored for this session
1578757402119	Marionette	INFO	Stopped listening on port 59976

###!!! [Child][MessageChannel::SendAndWait] Error: Channel error: cannot send/recv

1578758574673	mozrunner::runner	INFO	Running command: "C:\\Program Files\\Mozilla Firefox\\firefox.exe" "-marionette" "-foreground" "-no-remote" "-profile" "C:\\Users\\jshin\\AppData\\Local\\Temp\\rust_mozprofileK2iPs6"
1578758575753	addons.webextension.doh-rollout@mozilla.org	WARN	Loading extension 'doh-rollout@mozilla.org': Reading manifest: Invalid extension permission: networkStatus
1578758575893	addons.webextension.screenshots@mozilla.org	WARN	Loading extension 'screenshots@mozilla.org': Reading manifest: Invalid extension permission: mozillaAddons
1578758575893	addons.webextension.screenshots@mozilla.org	WARN	Loading extension 'screenshots@mozilla.org': Reading manifest: Invalid extension permission: telemetry
1578758575893	addons.webextension.screenshots@mozilla.org	WARN	Loading extension 'screenshots@mozilla.org': Reading manifest: Invalid extension permission: resource://pdf.js/
1578758575893	addons.webextension.screenshots@mozilla.org	WARN	Loading extension 'screenshots@mozilla.org': Reading manifest: Invalid extension permission: about:reader*
JavaScript error: resource://gre/modules/XULStore.jsm, line 66: Error: Can't find profile directory.
1578758578928	Marionette	INFO	Listening on port 61850
1578758578964	Marionette	WARN	TLS certificate errors will be ignored for this session
JavaScript error: , line 0: TypeError: NetworkError when attempting to fetch resource.
JavaScript error: https://platform.twitter.com/widgets/widget_iframe.4f8aea4342a4ada72cba2bdffcff6b4d.html?origin=https%3A%2F%2Fwww.tunefind.com, line 12: Error: Network error.
JavaScript error: https://staticxx.facebook.com/connect/xd_arbiter.php?version=45#channel=f267c12f52c24e2&origin=https%3A%2F%2Fwww.tunefind.com, line 47: SecurityError: Permission denied to access property Symbol.toPrimitive on cross-origin object
JavaScript error: https://staticxx.facebook.com/connect/xd_arbiter.php?version=45#channel=f267c12f52c24e2&origin=https%3A%2F%2Fwww.tunefind.com, line 47: SecurityError: Permission denied to access property Symbol.toPrimitive on cross-origin object
JavaScript error: https://staticxx.facebook.com/connect/xd_arbiter.php?version=45#channel=f267c12f52c24e2&origin=https%3A%2F%2Fwww.tunefind.com, line 47: SecurityError: Permission denied to access property Symbol.toPrimitive on cross-origin object
IPDL protocol error: Handler returned error code!

###!!! [Parent][DispatchAsyncMessage] Error: PLayerTransaction::Msg_ReleaseLayer Processing error: message was deserialized, but the handler returned false (indicating1578758636171	addons.webextension.doh-rollout@mozilla.org	WARN	Loading extension 'doh-rollout@mozilla.org': Reading manifest: Invalid extension permission: networkStatus
1578758636327	addons.webextension.screenshots@mozilla.org	WARN	Loading extension 'screenshots@mozilla.org': Reading manifest: Invalid extension permission: mozillaAddons
1578758636327	addons.webextension.screenshots@mozilla.org	WARN	Loading extension 'screenshots@mozilla.org': Reading manifest: Invalid extension permission: telemetry
1578758636327	addons.webextension.screenshots@mozilla.org	WARN	Loading extension 'screenshots@mozilla.org': Reading manifest: Invalid extension permission: resource://pdf.js/
1578758636327	addons.webextension.screenshots@mozilla.org	WARN	Loading extension 'screenshots@mozilla.org': Reading manifest: Invalid extension permission: about:reader*
JavaScript error: resource://gre/modules/XULStore.jsm, line 66: Error: Can't find profile directory.
1578758639019	Marionette	INFO	Listening on port 62065
1578758639291	Marionette	WARN	TLS certificate errors will be ignored for this session
JavaScript error: https://staticxx.facebook.com/connect/xd_arbiter.php?version=45#channel=f2f66ebf95cec46&origin=https%3A%2F%2Fwww.tunefind.com, line 47: SecurityError: Permission denied to access property Symbol.toPrimitive on cross-origin object
JavaScript error: https://ad.doubleclick.net/ddm/trackimpj/N843334.2106305EXPONENTIAL/B22461269.243519912;dc_trk_aid=439599638;dc_trk_cid=113784748;ord=495100703;dc_lat=;dc_rdid=;tag_for_child_directed_treatment=;tfua=?, line 1: TypeError: document.body is null
